CRITICAL - 2021-08-13 11:30:44 --> Invalid file: home.php
#0 C:\xampp\htdocs\learn-ci4\vendor\codeigniter4\framework\system\View\View.php(213): CodeIgniter\Exceptions\FrameworkException::forInvalidFile('home.php')
#1 C:\xampp\htdocs\learn-ci4\vendor\codeigniter4\framework\system\Common.php(1271): CodeIgniter\View\View->render('home', Array, true)
#2 C:\xampp\htdocs\learn-ci4\app\Controllers\Pages.php(9): view('home')
#3 C:\xampp\htdocs\learn-ci4\vendor\codeigniter4\framework\system\CodeIgniter.php(928): App\Controllers\Pages->index()
#4 C:\xampp\htdocs\learn-ci4\vendor\codeigniter4\framework\system\CodeIgniter.php(436): CodeIgniter\CodeIgniter->runController(Object(App\Controllers\Pages))
#5 C:\xampp\htdocs\learn-ci4\vendor\codeigniter4\framework\system\CodeIgniter.php(336): CodeIgniter\CodeIgniter->handleRequest(NULL, Object(Config\Cache), false)
#6 C:\xampp\htdocs\learn-ci4\public\index.php(37): CodeIgniter\CodeIgniter->run()
#7 C:\xampp\htdocs\learn-ci4\vendor\codeigniter4\framework\system\Commands\Server\rewrite.php(45): require_once('C:\\xampp\\htdocs...')
#8 {main}
CRITICAL - 2021-08-13 11:31:19 --> Cannot redeclare App\Controllers\Pages::index()
#0 [internal function]: CodeIgniter\Debug\Exceptions->shutdownHandler()
#1 {main}
CRITICAL - 2021-08-13 11:55:45 --> Undefined variable $title
#0 C:\xampp\htdocs\learn-ci4\app\Views\layout\header.php(12): CodeIgniter\Debug\Exceptions->errorHandler(2, 'Undefined varia...', 'C:\\xampp\\htdocs...', 12)
#1 C:\xampp\htdocs\learn-ci4\vendor\codeigniter4\framework\system\View\View.php(230): include('C:\\xampp\\htdocs...')
#2 C:\xampp\htdocs\learn-ci4\vendor\codeigniter4\framework\system\View\View.php(232): CodeIgniter\View\View->CodeIgniter\View\{closure}()
#3 C:\xampp\htdocs\learn-ci4\vendor\codeigniter4\framework\system\Common.php(1271): CodeIgniter\View\View->render('layout/header', Array, true)
#4 C:\xampp\htdocs\learn-ci4\app\Controllers\Pages.php(19): view('layout/header')
#5 C:\xampp\htdocs\learn-ci4\vendor\codeigniter4\framework\system\CodeIgniter.php(928): App\Controllers\Pages->about()
#6 C:\xampp\htdocs\learn-ci4\vendor\codeigniter4\framework\system\CodeIgniter.php(436): CodeIgniter\CodeIgniter->runController(Object(App\Controllers\Pages))
#7 C:\xampp\htdocs\learn-ci4\vendor\codeigniter4\framework\system\CodeIgniter.php(336): CodeIgniter\CodeIgniter->handleRequest(NULL, Object(Config\Cache), false)
#8 C:\xampp\htdocs\learn-ci4\public\index.php(37): CodeIgniter\CodeIgniter->run()
#9 C:\xampp\htdocs\learn-ci4\vendor\codeigniter4\framework\system\Commands\Server\rewrite.php(45): require_once('C:\\xampp\\htdocs...')
#10 {main}
CRITICAL - 2021-08-13 12:34:28 --> Invalid file: layout/about.php
#0 C:\xampp\htdocs\learn-ci4\vendor\codeigniter4\framework\system\View\View.php(213): CodeIgniter\Exceptions\FrameworkException::forInvalidFile('layout/about.ph...')
#1 C:\xampp\htdocs\learn-ci4\vendor\codeigniter4\framework\system\Common.php(1271): CodeIgniter\View\View->render('layout/about', Array, true)
#2 C:\xampp\htdocs\learn-ci4\app\Controllers\Pages.php(20): view('layout/about', Array)
#3 C:\xampp\htdocs\learn-ci4\vendor\codeigniter4\framework\system\CodeIgniter.php(928): App\Controllers\Pages->about()
#4 C:\xampp\htdocs\learn-ci4\vendor\codeigniter4\framework\system\CodeIgniter.php(436): CodeIgniter\CodeIgniter->runController(Object(App\Controllers\Pages))
#5 C:\xampp\htdocs\learn-ci4\vendor\codeigniter4\framework\system\CodeIgniter.php(336): CodeIgniter\CodeIgniter->handleRequest(NULL, Object(Config\Cache), false)
#6 C:\xampp\htdocs\learn-ci4\public\index.php(37): CodeIgniter\CodeIgniter->run()
#7 C:\xampp\htdocs\learn-ci4\vendor\codeigniter4\framework\system\Commands\Server\rewrite.php(45): require_once('C:\\xampp\\htdocs...')
#8 {main}
CRITICAL - 2021-08-13 12:34:46 --> Undefined property: CodeIgniter\View\View::$endSection
#0 C:\xampp\htdocs\learn-ci4\app\Views\pages\about.php(11): CodeIgniter\Debug\Exceptions->errorHandler(2, 'Undefined prope...', 'C:\\xampp\\htdocs...', 11)
#1 C:\xampp\htdocs\learn-ci4\vendor\codeigniter4\framework\system\View\View.php(230): include('C:\\xampp\\htdocs...')
#2 C:\xampp\htdocs\learn-ci4\vendor\codeigniter4\framework\system\View\View.php(232): CodeIgniter\View\View->CodeIgniter\View\{closure}()
#3 C:\xampp\htdocs\learn-ci4\vendor\codeigniter4\framework\system\Common.php(1271): CodeIgniter\View\View->render('pages/about', Array, true)
#4 C:\xampp\htdocs\learn-ci4\app\Controllers\Pages.php(20): view('pages/about', Array)
#5 C:\xampp\htdocs\learn-ci4\vendor\codeigniter4\framework\system\CodeIgniter.php(928): App\Controllers\Pages->about()
#6 C:\xampp\htdocs\learn-ci4\vendor\codeigniter4\framework\system\CodeIgniter.php(436): CodeIgniter\CodeIgniter->runController(Object(App\Controllers\Pages))
#7 C:\xampp\htdocs\learn-ci4\vendor\codeigniter4\framework\system\CodeIgniter.php(336): CodeIgniter\CodeIgniter->handleRequest(NULL, Object(Config\Cache), false)
#8 C:\xampp\htdocs\learn-ci4\public\index.php(37): CodeIgniter\CodeIgniter->run()
#9 C:\xampp\htdocs\learn-ci4\vendor\codeigniter4\framework\system\Commands\Server\rewrite.php(45): require_once('C:\\xampp\\htdocs...')
#10 {main}
